# JRE version: OpenJDK Runtime Environment (8.0_242-b01) (build 1.8.0_242-release-1644-b01)
# Java VM: OpenJDK 64-Bit Server VM (25.242-b01 mixed mode windows-amd64 compressed oops)
Heap:
 PSYoungGen      total 362496K, used 139727K [0x00000000d5580000, 0x00000000edf00000, 0x0000000100000000)
  eden space 325120K, 34% used [0x00000000d5580000,0x00000000dc39a570,0x00000000e9300000)
  from space 37376K, 72% used [0x00000000e9300000,0x00000000ead59930,0x00000000eb780000)
  to   space 36352K, 0% used [0x00000000eb780000,0x00000000eb780000,0x00000000edb00000)
 ParOldGen       total 165376K, used 98986K [0x0000000080000000, 0x000000008a180000, 0x00000000d5580000)
  object space 165376K, 59% used [0x0000000080000000,0x00000000860aa8f0,0x000000008a180000)
 Metaspace       used 77676K, capacity 81508K, committed 81712K, reserved 1120256K
  class space    used 10496K, capacity 11255K, committed 11312K, reserved 1048576K
GC Heap History (10 events):
Event: 52.283 GC heap before
{Heap before GC invocations=27 (full 4):
 PSYoungGen      total 287744K, used 267216K [0x00000000d5580000, 0x00000000e9600000, 0x0000000100000000)
  eden space 251392K, 100% used [0x00000000d5580000,0x00000000e4b00000,0x00000000e4b00000)
  from space 36352K, 43% used [0x00000000e7280000,0x00000000e81f4020,0x00000000e9600000)
  to   space 38400K, 0% used [0x00000000e4b00000,0x00000000e4b00000,0x00000000e7080000)
 ParOldGen       total 165376K, used 98962K [0x0000000080000000, 0x000000008a180000, 0x00000000d5580000)
  object space 165376K, 59% used [0x0000000080000000,0x00000000860a48f0,0x000000008a180000)
 Metaspace       used 76166K, capacity 79698K, committed 80048K, reserved 1118208K
  class space    used 10331K, capacity 11074K, committed 11184K, reserved 1048576K
Event: 52.342 GC heap after
Heap after GC invocations=27 (full 4):
 PSYoungGen      total 289792K, used 15664K [0x00000000d5580000, 0x00000000eb400000, 0x0000000100000000)
  eden space 251392K, 0% used [0x00000000d5580000,0x00000000d5580000,0x00000000e4b00000)
  from space 38400K, 40% used [0x00000000e4b00000,0x00000000e5a4c020,0x00000000e7080000)
  to   space 36352K, 0% used [0x00000000e9080000,0x00000000e9080000,0x00000000eb400000)
 ParOldGen       total 165376K, used 98962K [0x0000000080000000, 0x000000008a180000, 0x00000000d5580000)
  object space 165376K, 59% used [0x0000000080000000,0x00000000860a48f0,0x000000008a180000)
 Metaspace       used 76166K, capacity 79698K, committed 80048K, reserved 1118208K
  class space    used 10331K, capacity 11074K, committed 11184K, reserved 1048576K
}
Event: 53.855 GC heap before
{Heap before GC invocations=28 (full 4):
 PSYoungGen      total 289792K, used 267056K [0x00000000d5580000, 0x00000000eb400000, 0x0000000100000000)
  eden space 251392K, 100% used [0x00000000d5580000,0x00000000e4b00000,0x00000000e4b00000)
  from space 38400K, 40% used [0x00000000e4b00000,0x00000000e5a4c020,0x00000000e7080000)
  to   space 36352K, 0% used [0x00000000e9080000,0x00000000e9080000,0x00000000eb400000)
 ParOldGen       total 165376K, used 98962K [0x0000000080000000, 0x000000008a180000, 0x00000000d5580000)
  object space 165376K, 59% used [0x0000000080000000,0x00000000860a48f0,0x000000008a180000)
 Metaspace       used 76250K, capacity 79774K, committed 80048K, reserved 1118208K
  class space    used 10345K, capacity 11076K, committed 11184K, reserved 1048576K
Event: 53.960 GC heap after
Heap after GC invocations=28 (full 4):
 PSYoungGen      total 323584K, used 18000K [0x00000000d5580000, 0x00000000eba00000, 0x0000000100000000)
  eden space 287232K, 0% used [0x00000000d5580000,0x00000000d5580000,0x00000000e6e00000)
  from space 36352K, 49% used [0x00000000e9080000,0x00000000ea214030,0x00000000eb400000)
  to   space 35328K, 0% used [0x00000000e6e00000,0x00000000e6e00000,0x00000000e9080000)
 ParOldGen       total 165376K, used 98970K [0x0000000080000000, 0x000000008a180000, 0x00000000d5580000)
  object space 165376K, 59% used [0x0000000080000000,0x00000000860a68f0,0x000000008a180000)
 Metaspace       used 76250K, capacity 79774K, committed 80048K, reserved 1118208K
  class space    used 10345K, capacity 11076K, committed 11184K, reserved 1048576K
}
Event: 55.991 GC heap before
{Heap before GC invocations=29 (full 4):
 PSYoungGen      total 323584K, used 305232K [0x00000000d5580000, 0x00000000eba00000, 0x0000000100000000)
  eden space 287232K, 100% used [0x00000000d5580000,0x00000000e6e00000,0x00000000e6e00000)
  from space 36352K, 49% used [0x00000000e9080000,0x00000000ea214030,0x00000000eb400000)
  to   space 35328K, 0% used [0x00000000e6e00000,0x00000000e6e00000,0x00000000e9080000)
 ParOldGen       total 165376K, used 98970K [0x0000000080000000, 0x000000008a180000, 0x00000000d5580000)
  object space 165376K, 59% used [0x0000000080000000,0x00000000860a68f0,0x000000008a180000)
 Metaspace       used 77319K, capacity 81078K, committed 81200K, reserved 1120256K
  class space    used 10468K, capacity 11210K, committed 11312K, reserved 1048576K
Event: 56.093 GC heap after
Heap after GC invocations=29 (full 4):
 PSYoungGen      total 322560K, used 23595K [0x00000000d5580000, 0x00000000edb00000, 0x0000000100000000)
  eden space 287232K, 0% used [0x00000000d5580000,0x00000000d5580000,0x00000000e6e00000)
  from space 35328K, 66% used [0x00000000e6e00000,0x00000000e850ac20,0x00000000e9080000)
  to   space 36352K, 0% used [0x00000000eb780000,0x00000000eb780000,0x00000000edb00000)
 ParOldGen       total 165376K, used 98970K [0x0000000080000000, 0x000000008a180000, 0x00000000d5580000)
  object space 165376K, 59% used [0x0000000080000000,0x00000000860a68f0,0x000000008a180000)
 Metaspace       used 77319K, capacity 81078K, committed 81200K, reserved 1120256K
  class space    used 10468K, capacity 11210K, committed 11312K, reserved 1048576K
}
Event: 58.209 GC heap before
{Heap before GC invocations=30 (full 4):
 PSYoungGen      total 322560K, used 310827K [0x00000000d5580000, 0x00000000edb00000, 0x0000000100000000)
  eden space 287232K, 100% used [0x00000000d5580000,0x00000000e6e00000,0x00000000e6e00000)
  from space 35328K, 66% used [0x00000000e6e00000,0x00000000e850ac20,0x00000000e9080000)
  to   space 36352K, 0% used [0x00000000eb780000,0x00000000eb780000,0x00000000edb00000)
 ParOldGen       total 165376K, used 98970K [0x0000000080000000, 0x000000008a180000, 0x00000000d5580000)
  object space 165376K, 59% used [0x0000000080000000,0x00000000860a68f0,0x000000008a180000)
 Metaspace       used 77488K, capacity 81270K, committed 81456K, reserved 1120256K
  class space    used 10493K, capacity 11222K, committed 11312K, reserved 1048576K
Event: 58.335 GC heap after
Heap after GC invocations=30 (full 4):
 PSYoungGen      total 361472K, used 23182K [0x00000000d5580000, 0x00000000edf00000, 0x0000000100000000)
  eden space 325120K, 0% used [0x00000000d5580000,0x00000000d5580000,0x00000000e9300000)
  from space 36352K, 63% used [0x00000000eb780000,0x00000000ece239f0,0x00000000edb00000)
  to   space 37376K, 0% used [0x00000000e9300000,0x00000000e9300000,0x00000000eb780000)
 ParOldGen       total 165376K, used 98978K [0x0000000080000000, 0x000000008a180000, 0x00000000d5580000)
  object space 165376K, 59% used [0x0000000080000000,0x00000000860a88f0,0x000000008a180000)
 Metaspace       used 77488K, capacity 81270K, committed 81456K, reserved 1120256K
  class space    used 10493K, capacity 11222K, committed 11312K, reserved 1048576K
}
Event: 61.238 GC heap before
{Heap before GC invocations=31 (full 4):
 PSYoungGen      total 361472K, used 348302K [0x00000000d5580000, 0x00000000edf00000, 0x0000000100000000)
  eden space 325120K, 100% used [0x00000000d5580000,0x00000000e9300000,0x00000000e9300000)
  from space 36352K, 63% used [0x00000000eb780000,0x00000000ece239f0,0x00000000edb00000)
  to   space 37376K, 0% used [0x00000000e9300000,0x00000000e9300000,0x00000000eb780000)
 ParOldGen       total 165376K, used 98978K [0x0000000080000000, 0x000000008a180000, 0x00000000d5580000)
  object space 165376K, 59% used [0x0000000080000000,0x00000000860a88f0,0x000000008a180000)
 Metaspace       used 77616K, capacity 81440K, committed 81712K, reserved 1120256K
  class space    used 10496K, capacity 11255K, committed 11312K, reserved 1048576K
Event: 61.358 GC heap after
Heap after GC invocations=31 (full 4):
 PSYoungGen      total 362496K, used 26982K [0x00000000d5580000, 0x00000000edf00000, 0x0000000100000000)
  eden space 325120K, 0% used [0x00000000d5580000,0x00000000d5580000,0x00000000e9300000)
  from space 37376K, 72% used [0x00000000e9300000,0x00000000ead59930,0x00000000eb780000)
  to   space 36352K, 0% used [0x00000000eb780000,0x00000000eb780000,0x00000000edb00000)
 ParOldGen       total 165376K, used 98986K [0x0000000080000000, 0x000000008a180000, 0x00000000d5580000)
  object space 165376K, 59% used [0x0000000080000000,0x00000000860aa8f0,0x000000008a180000)
 Metaspace       used 77616K, capacity 81440K, committed 81712K, reserved 1120256K
  class space    used 10496K, capacity 11255K, committed 11312K, reserved 1048576K
}

