# JRE version: OpenJDK Runtime Environment (8.0_242-b01) (build 1.8.0_242-release-1644-b01)
# Java VM: OpenJDK 64-Bit Server VM (25.242-b01 mixed mode windows-amd64 compressed oops)
Heap:
 PSYoungGen      total 133120K, used 67665K [0x00000000d5580000, 0x00000000de180000, 0x0000000100000000)
  eden space 124928K, 54% used [0x00000000d5580000,0x00000000d97944f8,0x00000000dcf80000)
  from space 8192K, 0% used [0x00000000dd980000,0x00000000dd980000,0x00000000de180000)
  to   space 9216K, 0% used [0x00000000dcf80000,0x00000000dcf80000,0x00000000dd880000)
 ParOldGen       total 30208K, used 7900K [0x0000000080000000, 0x0000000081d80000, 0x00000000d5580000)
  object space 30208K, 26% used [0x0000000080000000,0x00000000807b7250,0x0000000081d80000)
 Metaspace       used 28092K, capacity 28800K, committed 28976K, reserved 1075200K
  class space    used 3873K, capacity 4103K, committed 4144K, reserved 1048576K
GC Heap History (10 events):
Event: 11.886 GC heap before
{Heap before GC invocations=5 (full 0):
 PSYoungGen      total 34304K, used 34288K [0x00000000d5580000, 0x00000000d7980000, 0x0000000100000000)
  eden space 31744K, 100% used [0x00000000d5580000,0x00000000d7480000,0x00000000d7480000)
  from space 2560K, 99% used [0x00000000d7700000,0x00000000d797c010,0x00000000d7980000)
  to   space 2560K, 0% used [0x00000000d7480000,0x00000000d7480000,0x00000000d7700000)
 ParOldGen       total 42496K, used 1363K [0x0000000080000000, 0x0000000082980000, 0x00000000d5580000)
  object space 42496K, 3% used [0x0000000080000000,0x0000000080154c10,0x0000000082980000)
 Metaspace       used 11889K, capacity 12184K, committed 12288K, reserved 1060864K
  class space    used 1574K, capacity 1696K, committed 1792K, reserved 1048576K
Event: 11.910 GC heap after
Heap after GC invocations=5 (full 0):
 PSYoungGen      total 34304K, used 2528K [0x00000000d5580000, 0x00000000d9f80000, 0x0000000100000000)
  eden space 31744K, 0% used [0x00000000d5580000,0x00000000d5580000,0x00000000d7480000)
  from space 2560K, 98% used [0x00000000d7480000,0x00000000d76f8020,0x00000000d7700000)
  to   space 6144K, 0% used [0x00000000d9980000,0x00000000d9980000,0x00000000d9f80000)
 ParOldGen       total 42496K, used 4820K [0x0000000080000000, 0x0000000082980000, 0x00000000d5580000)
  object space 42496K, 11% used [0x0000000080000000,0x00000000804b5328,0x0000000082980000)
 Metaspace       used 11889K, capacity 12184K, committed 12288K, reserved 1060864K
  class space    used 1574K, capacity 1696K, committed 1792K, reserved 1048576K
}
Event: 16.797 GC heap before
{Heap before GC invocations=6 (full 0):
 PSYoungGen      total 34304K, used 34272K [0x00000000d5580000, 0x00000000d9f80000, 0x0000000100000000)
  eden space 31744K, 100% used [0x00000000d5580000,0x00000000d7480000,0x00000000d7480000)
  from space 2560K, 98% used [0x00000000d7480000,0x00000000d76f8020,0x00000000d7700000)
  to   space 6144K, 0% used [0x00000000d9980000,0x00000000d9980000,0x00000000d9f80000)
 ParOldGen       total 42496K, used 4820K [0x0000000080000000, 0x0000000082980000, 0x00000000d5580000)
  object space 42496K, 11% used [0x0000000080000000,0x00000000804b5328,0x0000000082980000)
 Metaspace       used 14944K, capacity 15404K, committed 15744K, reserved 1062912K
  class space    used 1974K, capacity 2122K, committed 2176K, reserved 1048576K
Event: 16.830 GC heap after
Heap after GC invocations=6 (full 0):
 PSYoungGen      total 68608K, used 5741K [0x00000000d5580000, 0x00000000da180000, 0x0000000100000000)
  eden space 62464K, 0% used [0x00000000d5580000,0x00000000d5580000,0x00000000d9280000)
  from space 6144K, 93% used [0x00000000d9980000,0x00000000d9f1b6b0,0x00000000d9f80000)
  to   space 7168K, 0% used [0x00000000d9280000,0x00000000d9280000,0x00000000d9980000)
 ParOldGen       total 42496K, used 4820K [0x0000000080000000, 0x0000000082980000, 0x00000000d5580000)
  object space 42496K, 11% used [0x0000000080000000,0x00000000804b5328,0x0000000082980000)
 Metaspace       used 14944K, capacity 15404K, committed 15744K, reserved 1062912K
  class space    used 1974K, capacity 2122K, committed 2176K, reserved 1048576K
}
Event: 24.240 GC heap before
{Heap before GC invocations=7 (full 0):
 PSYoungGen      total 68608K, used 68205K [0x00000000d5580000, 0x00000000da180000, 0x0000000100000000)
  eden space 62464K, 100% used [0x00000000d5580000,0x00000000d9280000,0x00000000d9280000)
  from space 6144K, 93% used [0x00000000d9980000,0x00000000d9f1b6b0,0x00000000d9f80000)
  to   space 7168K, 0% used [0x00000000d9280000,0x00000000d9280000,0x00000000d9980000)
 ParOldGen       total 42496K, used 4820K [0x0000000080000000, 0x0000000082980000, 0x00000000d5580000)
  object space 42496K, 11% used [0x0000000080000000,0x00000000804b5328,0x0000000082980000)
 Metaspace       used 20039K, capacity 20590K, committed 20992K, reserved 1067008K
  class space    used 2800K, capacity 2969K, committed 3072K, reserved 1048576K
Event: 24.275 GC heap after
Heap after GC invocations=7 (full 0):
 PSYoungGen      total 69632K, used 7158K [0x00000000d5580000, 0x00000000de380000, 0x0000000100000000)
  eden space 62464K, 0% used [0x00000000d5580000,0x00000000d5580000,0x00000000d9280000)
  from space 7168K, 99% used [0x00000000d9280000,0x00000000d997d9d8,0x00000000d9980000)
  to   space 10240K, 0% used [0x00000000dd980000,0x00000000dd980000,0x00000000de380000)
 ParOldGen       total 42496K, used 8293K [0x0000000080000000, 0x0000000082980000, 0x00000000d5580000)
  object space 42496K, 19% used [0x0000000080000000,0x0000000080819530,0x0000000082980000)
 Metaspace       used 20039K, capacity 20590K, committed 20992K, reserved 1067008K
  class space    used 2800K, capacity 2969K, committed 3072K, reserved 1048576K
}
Event: 25.132 GC heap before
{Heap before GC invocations=8 (full 0):
 PSYoungGen      total 69632K, used 15634K [0x00000000d5580000, 0x00000000de380000, 0x0000000100000000)
  eden space 62464K, 13% used [0x00000000d5580000,0x00000000d5dc7218,0x00000000d9280000)
  from space 7168K, 99% used [0x00000000d9280000,0x00000000d997d9d8,0x00000000d9980000)
  to   space 10240K, 0% used [0x00000000dd980000,0x00000000dd980000,0x00000000de380000)
 ParOldGen       total 42496K, used 8293K [0x0000000080000000, 0x0000000082980000, 0x00000000d5580000)
  object space 42496K, 19% used [0x0000000080000000,0x0000000080819530,0x0000000082980000)
 Metaspace       used 20523K, capacity 21214K, committed 21296K, reserved 1067008K
  class space    used 2880K, capacity 3093K, committed 3120K, reserved 1048576K
Event: 25.149 GC heap after
Heap after GC invocations=8 (full 0):
 PSYoungGen      total 133120K, used 4858K [0x00000000d5580000, 0x00000000de180000, 0x0000000100000000)
  eden space 124928K, 0% used [0x00000000d5580000,0x00000000d5580000,0x00000000dcf80000)
  from space 8192K, 59% used [0x00000000dd980000,0x00000000dde3e9d0,0x00000000de180000)
  to   space 9216K, 0% used [0x00000000dcf80000,0x00000000dcf80000,0x00000000dd880000)
 ParOldGen       total 42496K, used 8965K [0x0000000080000000, 0x0000000082980000, 0x00000000d5580000)
  object space 42496K, 21% used [0x0000000080000000,0x00000000808c1530,0x0000000082980000)
 Metaspace       used 20523K, capacity 21214K, committed 21296K, reserved 1067008K
  class space    used 2880K, capacity 3093K, committed 3120K, reserved 1048576K
}
Event: 25.149 GC heap before
{Heap before GC invocations=9 (full 1):
 PSYoungGen      total 133120K, used 4858K [0x00000000d5580000, 0x00000000de180000, 0x0000000100000000)
  eden space 124928K, 0% used [0x00000000d5580000,0x00000000d5580000,0x00000000dcf80000)
  from space 8192K, 59% used [0x00000000dd980000,0x00000000dde3e9d0,0x00000000de180000)
  to   space 9216K, 0% used [0x00000000dcf80000,0x00000000dcf80000,0x00000000dd880000)
 ParOldGen       total 42496K, used 8965K [0x0000000080000000, 0x0000000082980000, 0x00000000d5580000)
  object space 42496K, 21% used [0x0000000080000000,0x00000000808c1530,0x0000000082980000)
 Metaspace       used 20523K, capacity 21214K, committed 21296K, reserved 1067008K
  class space    used 2880K, capacity 3093K, committed 3120K, reserved 1048576K
Event: 25.244 GC heap after
Heap after GC invocations=9 (full 1):
 PSYoungGen      total 133120K, used 0K [0x00000000d5580000, 0x00000000de180000, 0x0000000100000000)
  eden space 124928K, 0% used [0x00000000d5580000,0x00000000d5580000,0x00000000dcf80000)
  from space 8192K, 0% used [0x00000000dd980000,0x00000000dd980000,0x00000000de180000)
  to   space 9216K, 0% used [0x00000000dcf80000,0x00000000dcf80000,0x00000000dd880000)
 ParOldGen       total 30208K, used 7900K [0x0000000080000000, 0x0000000081d80000, 0x00000000d5580000)
  object space 30208K, 26% used [0x0000000080000000,0x00000000807b7250,0x0000000081d80000)
 Metaspace       used 20523K, capacity 21214K, committed 21296K, reserved 1067008K
  class space    used 2880K, capacity 3093K, committed 3120K, reserved 1048576K
}

