# JRE version: OpenJDK Runtime Environment (8.0_242-b01) (build 1.8.0_242-release-1644-b01)
# Java VM: OpenJDK 64-Bit Server VM (25.242-b01 mixed mode windows-amd64 compressed oops)
Heap:
 PSYoungGen      total 425984K, used 334666K [0x00000000d5580000, 0x00000000f1900000, 0x0000000100000000)
  eden space 393728K, 81% used [0x00000000d5580000,0x00000000e8d26490,0x00000000ed600000)
  from space 32256K, 48% used [0x00000000ed600000,0x00000000ee52c688,0x00000000ef580000)
  to   space 32256K, 0% used [0x00000000ef580000,0x00000000ef580000,0x00000000f1500000)
 ParOldGen       total 162816K, used 92306K [0x0000000080000000, 0x0000000089f00000, 0x00000000d5580000)
  object space 162816K, 56% used [0x0000000080000000,0x0000000085a24b00,0x0000000089f00000)
 Metaspace       used 77615K, capacity 81332K, committed 81704K, reserved 1120256K
  class space    used 10452K, capacity 11151K, committed 11312K, reserved 1048576K
GC Heap History (10 events):
Event: 60.560 GC heap before
{Heap before GC invocations=29 (full 4):
 PSYoungGen      total 346112K, used 332610K [0x00000000d5580000, 0x00000000ed380000, 0x0000000100000000)
  eden space 311296K, 100% used [0x00000000d5580000,0x00000000e8580000,0x00000000e8580000)
  from space 34816K, 61% used [0x00000000ea880000,0x00000000ebd50af8,0x00000000eca80000)
  to   space 35840K, 0% used [0x00000000e8580000,0x00000000e8580000,0x00000000ea880000)
 ParOldGen       total 162816K, used 91676K [0x0000000080000000, 0x0000000089f00000, 0x00000000d5580000)
  object space 162816K, 56% used [0x0000000080000000,0x0000000085987370,0x0000000089f00000)
 Metaspace       used 77449K, capacity 81074K, committed 81448K, reserved 1120256K
  class space    used 10449K, capacity 11146K, committed 11312K, reserved 1048576K
Event: 60.654 GC heap after
Heap after GC invocations=29 (full 4):
 PSYoungGen      total 347136K, used 16701K [0x00000000d5580000, 0x00000000eef80000, 0x0000000100000000)
  eden space 311296K, 0% used [0x00000000d5580000,0x00000000d5580000,0x00000000e8580000)
  from space 35840K, 46% used [0x00000000e8580000,0x00000000e95cf750,0x00000000ea880000)
  to   space 34304K, 0% used [0x00000000ece00000,0x00000000ece00000,0x00000000eef80000)
 ParOldGen       total 162816K, used 91676K [0x0000000080000000, 0x0000000089f00000, 0x00000000d5580000)
  object space 162816K, 56% used [0x0000000080000000,0x0000000085987370,0x0000000089f00000)
 Metaspace       used 77449K, capacity 81074K, committed 81448K, reserved 1120256K
  class space    used 10449K, capacity 11146K, committed 11312K, reserved 1048576K
}
Event: 63.736 GC heap before
{Heap before GC invocations=30 (full 4):
 PSYoungGen      total 347136K, used 327997K [0x00000000d5580000, 0x00000000eef80000, 0x0000000100000000)
  eden space 311296K, 100% used [0x00000000d5580000,0x00000000e8580000,0x00000000e8580000)
  from space 35840K, 46% used [0x00000000e8580000,0x00000000e95cf750,0x00000000ea880000)
  to   space 34304K, 0% used [0x00000000ece00000,0x00000000ece00000,0x00000000eef80000)
 ParOldGen       total 162816K, used 91676K [0x0000000080000000, 0x0000000089f00000, 0x00000000d5580000)
  object space 162816K, 56% used [0x0000000080000000,0x0000000085987370,0x0000000089f00000)
 Metaspace       used 77464K, capacity 81074K, committed 81448K, reserved 1120256K
  class space    used 10449K, capacity 11146K, committed 11312K, reserved 1048576K
Event: 63.816 GC heap after
Heap after GC invocations=30 (full 4):
 PSYoungGen      total 386048K, used 17923K [0x00000000d5580000, 0x00000000eef80000, 0x0000000100000000)
  eden space 351744K, 0% used [0x00000000d5580000,0x00000000d5580000,0x00000000ead00000)
  from space 34304K, 52% used [0x00000000ece00000,0x00000000edf80c10,0x00000000eef80000)
  to   space 33792K, 0% used [0x00000000ead00000,0x00000000ead00000,0x00000000ece00000)
 ParOldGen       total 162816K, used 91684K [0x0000000080000000, 0x0000000089f00000, 0x00000000d5580000)
  object space 162816K, 56% used [0x0000000080000000,0x0000000085989370,0x0000000089f00000)
 Metaspace       used 77464K, capacity 81074K, committed 81448K, reserved 1120256K
  class space    used 10449K, capacity 11146K, committed 11312K, reserved 1048576K
}
Event: 66.595 GC heap before
{Heap before GC invocations=31 (full 4):
 PSYoungGen      total 386048K, used 369667K [0x00000000d5580000, 0x00000000eef80000, 0x0000000100000000)
  eden space 351744K, 100% used [0x00000000d5580000,0x00000000ead00000,0x00000000ead00000)
  from space 34304K, 52% used [0x00000000ece00000,0x00000000edf80c10,0x00000000eef80000)
  to   space 33792K, 0% used [0x00000000ead00000,0x00000000ead00000,0x00000000ece00000)
 ParOldGen       total 162816K, used 91684K [0x0000000080000000, 0x0000000089f00000, 0x00000000d5580000)
  object space 162816K, 56% used [0x0000000080000000,0x0000000085989370,0x0000000089f00000)
 Metaspace       used 77504K, capacity 81170K, committed 81448K, reserved 1120256K
  class space    used 10451K, capacity 11150K, committed 11312K, reserved 1048576K
Event: 66.618 GC heap after
Heap after GC invocations=31 (full 4):
 PSYoungGen      total 385536K, used 14509K [0x00000000d5580000, 0x00000000f1500000, 0x0000000100000000)
  eden space 351744K, 0% used [0x00000000d5580000,0x00000000d5580000,0x00000000ead00000)
  from space 33792K, 42% used [0x00000000ead00000,0x00000000ebb2b630,0x00000000ece00000)
  to   space 32256K, 0% used [0x00000000ef580000,0x00000000ef580000,0x00000000f1500000)
 ParOldGen       total 162816K, used 91692K [0x0000000080000000, 0x0000000089f00000, 0x00000000d5580000)
  object space 162816K, 56% used [0x0000000080000000,0x000000008598b370,0x0000000089f00000)
 Metaspace       used 77504K, capacity 81170K, committed 81448K, reserved 1120256K
  class space    used 10451K, capacity 11150K, committed 11312K, reserved 1048576K
}
Event: 68.922 GC heap before
{Heap before GC invocations=32 (full 4):
 PSYoungGen      total 385536K, used 366253K [0x00000000d5580000, 0x00000000f1500000, 0x0000000100000000)
  eden space 351744K, 100% used [0x00000000d5580000,0x00000000ead00000,0x00000000ead00000)
  from space 33792K, 42% used [0x00000000ead00000,0x00000000ebb2b630,0x00000000ece00000)
  to   space 32256K, 0% used [0x00000000ef580000,0x00000000ef580000,0x00000000f1500000)
 ParOldGen       total 162816K, used 91692K [0x0000000080000000, 0x0000000089f00000, 0x00000000d5580000)
  object space 162816K, 56% used [0x0000000080000000,0x000000008598b370,0x0000000089f00000)
 Metaspace       used 77538K, capacity 81188K, committed 81448K, reserved 1120256K
  class space    used 10452K, capacity 11151K, committed 11312K, reserved 1048576K
Event: 68.996 GC heap after
Heap after GC invocations=32 (full 4):
 PSYoungGen      total 425984K, used 19774K [0x00000000d5580000, 0x00000000f1900000, 0x0000000100000000)
  eden space 393728K, 0% used [0x00000000d5580000,0x00000000d5580000,0x00000000ed600000)
  from space 32256K, 61% used [0x00000000ef580000,0x00000000f08cf850,0x00000000f1500000)
  to   space 32256K, 0% used [0x00000000ed600000,0x00000000ed600000,0x00000000ef580000)
 ParOldGen       total 162816K, used 91692K [0x0000000080000000, 0x0000000089f00000, 0x00000000d5580000)
  object space 162816K, 56% used [0x0000000080000000,0x000000008598b370,0x0000000089f00000)
 Metaspace       used 77538K, capacity 81188K, committed 81448K, reserved 1120256K
  class space    used 10452K, capacity 11151K, committed 11312K, reserved 1048576K
}
Event: 72.141 GC heap before
{Heap before GC invocations=33 (full 4):
 PSYoungGen      total 425984K, used 413502K [0x00000000d5580000, 0x00000000f1900000, 0x0000000100000000)
  eden space 393728K, 100% used [0x00000000d5580000,0x00000000ed600000,0x00000000ed600000)
  from space 32256K, 61% used [0x00000000ef580000,0x00000000f08cf850,0x00000000f1500000)
  to   space 32256K, 0% used [0x00000000ed600000,0x00000000ed600000,0x00000000ef580000)
 ParOldGen       total 162816K, used 92298K [0x0000000080000000, 0x0000000089f00000, 0x00000000d5580000)
  object space 162816K, 56% used [0x0000000080000000,0x0000000085a22b00,0x0000000089f00000)
 Metaspace       used 77603K, capacity 81264K, committed 81704K, reserved 1120256K
  class space    used 10452K, capacity 11151K, committed 11312K, reserved 1048576K
Event: 72.168 GC heap after
Heap after GC invocations=33 (full 4):
 PSYoungGen      total 425984K, used 15537K [0x00000000d5580000, 0x00000000f1900000, 0x0000000100000000)
  eden space 393728K, 0% used [0x00000000d5580000,0x00000000d5580000,0x00000000ed600000)
  from space 32256K, 48% used [0x00000000ed600000,0x00000000ee52c688,0x00000000ef580000)
  to   space 32256K, 0% used [0x00000000ef580000,0x00000000ef580000,0x00000000f1500000)
 ParOldGen       total 162816K, used 92306K [0x0000000080000000, 0x0000000089f00000, 0x00000000d5580000)
  object space 162816K, 56% used [0x0000000080000000,0x0000000085a24b00,0x0000000089f00000)
 Metaspace       used 77603K, capacity 81264K, committed 81704K, reserved 1120256K
  class space    used 10452K, capacity 11151K, committed 11312K, reserved 1048576K
}

