# JRE version: OpenJDK Runtime Environment (8.0_242-b01) (build 1.8.0_242-release-1644-b01)
# Java VM: OpenJDK 64-Bit Server VM (25.242-b01 mixed mode windows-amd64 compressed oops)
Heap:
 PSYoungGen      total 320512K, used 277861K [0x00000000d5580000, 0x00000000ec280000, 0x0000000100000000)
  eden space 267264K, 88% used [0x00000000d5580000,0x00000000e3dc55a8,0x00000000e5a80000)
  from space 53248K, 75% used [0x00000000e5a80000,0x00000000e81940a8,0x00000000e8e80000)
  to   space 50176K, 0% used [0x00000000e9180000,0x00000000e9180000,0x00000000ec280000)
 ParOldGen       total 162304K, used 81938K [0x0000000080000000, 0x0000000089e80000, 0x00000000d5580000)
  object space 162304K, 50% used [0x0000000080000000,0x00000000850048f8,0x0000000089e80000)
 Metaspace       used 122129K, capacity 128516K, committed 128808K, reserved 1161216K
  class space    used 15980K, capacity 17128K, committed 17200K, reserved 1048576K
GC Heap History (10 events):
Event: 4951.327 GC heap before
{Heap before GC invocations=25 (full 4):
 PSYoungGen      total 258048K, used 255151K [0x00000000d5580000, 0x00000000e8900000, 0x0000000100000000)
  eden space 218112K, 100% used [0x00000000d5580000,0x00000000e2a80000,0x00000000e2a80000)
  from space 39936K, 92% used [0x00000000e5700000,0x00000000e7b2bed0,0x00000000e7e00000)
  to   space 45568K, 0% used [0x00000000e2a80000,0x00000000e2a80000,0x00000000e5700000)
 ParOldGen       total 162304K, used 81898K [0x0000000080000000, 0x0000000089e80000, 0x00000000d5580000)
  object space 162304K, 50% used [0x0000000080000000,0x0000000084ffa8f8,0x0000000089e80000)
 Metaspace       used 89736K, capacity 94142K, committed 94504K, reserved 1130496K
  class space    used 11890K, capacity 12700K, committed 12848K, reserved 1048576K
Event: 4951.971 GC heap after
Heap after GC invocations=25 (full 4):
 PSYoungGen      total 263680K, used 37567K [0x00000000d5580000, 0x00000000ea300000, 0x0000000100000000)
  eden space 218112K, 0% used [0x00000000d5580000,0x00000000d5580000,0x00000000e2a80000)
  from space 45568K, 82% used [0x00000000e2a80000,0x00000000e4f2ff80,0x00000000e5700000)
  to   space 50688K, 0% used [0x00000000e7180000,0x00000000e7180000,0x00000000ea300000)
 ParOldGen       total 162304K, used 81906K [0x0000000080000000, 0x0000000089e80000, 0x00000000d5580000)
  object space 162304K, 50% used [0x0000000080000000,0x0000000084ffc8f8,0x0000000089e80000)
 Metaspace       used 89736K, capacity 94142K, committed 94504K, reserved 1130496K
  class space    used 11890K, capacity 12700K, committed 12848K, reserved 1048576K
}
Event: 8686.734 GC heap before
{Heap before GC invocations=26 (full 4):
 PSYoungGen      total 263680K, used 255679K [0x00000000d5580000, 0x00000000ea300000, 0x0000000100000000)
  eden space 218112K, 100% used [0x00000000d5580000,0x00000000e2a80000,0x00000000e2a80000)
  from space 45568K, 82% used [0x00000000e2a80000,0x00000000e4f2ff80,0x00000000e5700000)
  to   space 50688K, 0% used [0x00000000e7180000,0x00000000e7180000,0x00000000ea300000)
 ParOldGen       total 162304K, used 81906K [0x0000000080000000, 0x0000000089e80000, 0x00000000d5580000)
  object space 162304K, 50% used [0x0000000080000000,0x0000000084ffc8f8,0x0000000089e80000)
 Metaspace       used 98763K, capacity 103926K, committed 104232K, reserved 1138688K
  class space    used 13045K, capacity 14038K, committed 14128K, reserved 1048576K
Event: 8687.312 GC heap after
Heap after GC invocations=26 (full 4):
 PSYoungGen      total 279552K, used 22615K [0x00000000d5580000, 0x00000000e9c00000, 0x0000000100000000)
  eden space 236032K, 0% used [0x00000000d5580000,0x00000000d5580000,0x00000000e3c00000)
  from space 43520K, 51% used [0x00000000e7180000,0x00000000e8795d48,0x00000000e9c00000)
  to   space 49152K, 0% used [0x00000000e3c00000,0x00000000e3c00000,0x00000000e6c00000)
 ParOldGen       total 162304K, used 81914K [0x0000000080000000, 0x0000000089e80000, 0x00000000d5580000)
  object space 162304K, 50% used [0x0000000080000000,0x0000000084ffe8f8,0x0000000089e80000)
 Metaspace       used 98763K, capacity 103926K, committed 104232K, reserved 1138688K
  class space    used 13045K, capacity 14038K, committed 14128K, reserved 1048576K
}
Event: 8697.219 GC heap before
{Heap before GC invocations=27 (full 4):
 PSYoungGen      total 279552K, used 258647K [0x00000000d5580000, 0x00000000e9c00000, 0x0000000100000000)
  eden space 236032K, 100% used [0x00000000d5580000,0x00000000e3c00000,0x00000000e3c00000)
  from space 43520K, 51% used [0x00000000e7180000,0x00000000e8795d48,0x00000000e9c00000)
  to   space 49152K, 0% used [0x00000000e3c00000,0x00000000e3c00000,0x00000000e6c00000)
 ParOldGen       total 162304K, used 81914K [0x0000000080000000, 0x0000000089e80000, 0x00000000d5580000)
  object space 162304K, 50% used [0x0000000080000000,0x0000000084ffe8f8,0x0000000089e80000)
 Metaspace       used 110243K, capacity 115868K, committed 116008K, reserved 1148928K
  class space    used 14811K, capacity 15840K, committed 15920K, reserved 1048576K
Event: 8697.620 GC heap after
Heap after GC invocations=27 (full 4):
 PSYoungGen      total 285184K, used 30439K [0x00000000d5580000, 0x00000000ec280000, 0x0000000100000000)
  eden space 236032K, 0% used [0x00000000d5580000,0x00000000d5580000,0x00000000e3c00000)
  from space 49152K, 61% used [0x00000000e3c00000,0x00000000e59b9ef0,0x00000000e6c00000)
  to   space 50176K, 0% used [0x00000000e9180000,0x00000000e9180000,0x00000000ec280000)
 ParOldGen       total 162304K, used 81922K [0x0000000080000000, 0x0000000089e80000, 0x00000000d5580000)
  object space 162304K, 50% used [0x0000000080000000,0x00000000850008f8,0x0000000089e80000)
 Metaspace       used 110243K, capacity 115868K, committed 116008K, reserved 1148928K
  class space    used 14811K, capacity 15840K, committed 15920K, reserved 1048576K
}
Event: 10247.057 GC heap before
{Heap before GC invocations=28 (full 4):
 PSYoungGen      total 285184K, used 266471K [0x00000000d5580000, 0x00000000ec280000, 0x0000000100000000)
  eden space 236032K, 100% used [0x00000000d5580000,0x00000000e3c00000,0x00000000e3c00000)
  from space 49152K, 61% used [0x00000000e3c00000,0x00000000e59b9ef0,0x00000000e6c00000)
  to   space 50176K, 0% used [0x00000000e9180000,0x00000000e9180000,0x00000000ec280000)
 ParOldGen       total 162304K, used 81922K [0x0000000080000000, 0x0000000089e80000, 0x00000000d5580000)
  object space 162304K, 50% used [0x0000000080000000,0x00000000850008f8,0x0000000089e80000)
 Metaspace       used 117257K, capacity 123306K, committed 123432K, reserved 1157120K
  class space    used 15512K, capacity 16651K, committed 16688K, reserved 1048576K
Event: 10248.317 GC heap after
Heap after GC invocations=28 (full 4):
 PSYoungGen      total 317440K, used 35244K [0x00000000d5580000, 0x00000000ec280000, 0x0000000100000000)
  eden space 267264K, 0% used [0x00000000d5580000,0x00000000d5580000,0x00000000e5a80000)
  from space 50176K, 70% used [0x00000000e9180000,0x00000000eb3eb050,0x00000000ec280000)
  to   space 53248K, 0% used [0x00000000e5a80000,0x00000000e5a80000,0x00000000e8e80000)
 ParOldGen       total 162304K, used 81930K [0x0000000080000000, 0x0000000089e80000, 0x00000000d5580000)
  object space 162304K, 50% used [0x0000000080000000,0x00000000850028f8,0x0000000089e80000)
 Metaspace       used 117257K, capacity 123306K, committed 123432K, reserved 1157120K
  class space    used 15512K, capacity 16651K, committed 16688K, reserved 1048576K
}
Event: 10502.309 GC heap before
{Heap before GC invocations=29 (full 4):
 PSYoungGen      total 317440K, used 302404K [0x00000000d5580000, 0x00000000ec280000, 0x0000000100000000)
  eden space 267264K, 99% used [0x00000000d5580000,0x00000000e5a660f0,0x00000000e5a80000)
  from space 50176K, 70% used [0x00000000e9180000,0x00000000eb3eb050,0x00000000ec280000)
  to   space 53248K, 0% used [0x00000000e5a80000,0x00000000e5a80000,0x00000000e8e80000)
 ParOldGen       total 162304K, used 81930K [0x0000000080000000, 0x0000000089e80000, 0x00000000d5580000)
  object space 162304K, 50% used [0x0000000080000000,0x00000000850028f8,0x0000000089e80000)
 Metaspace       used 119169K, capacity 125400K, committed 125736K, reserved 1159168K
  class space    used 15680K, capacity 16840K, committed 16944K, reserved 1048576K
Event: 10503.009 GC heap after
Heap after GC invocations=29 (full 4):
 PSYoungGen      total 320512K, used 40016K [0x00000000d5580000, 0x00000000ec280000, 0x0000000100000000)
  eden space 267264K, 0% used [0x00000000d5580000,0x00000000d5580000,0x00000000e5a80000)
  from space 53248K, 75% used [0x00000000e5a80000,0x00000000e81940a8,0x00000000e8e80000)
  to   space 50176K, 0% used [0x00000000e9180000,0x00000000e9180000,0x00000000ec280000)
 ParOldGen       total 162304K, used 81938K [0x0000000080000000, 0x0000000089e80000, 0x00000000d5580000)
  object space 162304K, 50% used [0x0000000080000000,0x00000000850048f8,0x0000000089e80000)
 Metaspace       used 119169K, capacity 125400K, committed 125736K, reserved 1159168K
  class space    used 15680K, capacity 16840K, committed 16944K, reserved 1048576K
}

