# JRE version: OpenJDK Runtime Environment (8.0_242-b01) (build 1.8.0_242-release-1644-b01)
# Java VM: OpenJDK 64-Bit Server VM (25.242-b01 mixed mode windows-amd64 compressed oops)
Heap:
 PSYoungGen      total 411136K, used 144453K [0x00000000d5580000, 0x00000000f3f80000, 0x0000000100000000)
  eden space 368128K, 32% used [0x00000000d5580000,0x00000000dcb58338,0x00000000ebd00000)
  from space 43008K, 55% used [0x00000000ebd00000,0x00000000ed439370,0x00000000ee700000)
  to   space 40448K, 0% used [0x00000000f1800000,0x00000000f1800000,0x00000000f3f80000)
 ParOldGen       total 142336K, used 115556K [0x0000000080000000, 0x0000000088b00000, 0x00000000d5580000)
  object space 142336K, 81% used [0x0000000080000000,0x00000000870d9260,0x0000000088b00000)
 Metaspace       used 71937K, capacity 75280K, committed 75992K, reserved 1114112K
  class space    used 9728K, capacity 10351K, committed 10496K, reserved 1048576K
GC Heap History (10 events):
Event: 55.388 GC heap before
{Heap before GC invocations=29 (full 4):
 PSYoungGen      total 367104K, used 355930K [0x00000000d5580000, 0x00000000ef880000, 0x0000000100000000)
  eden space 322560K, 100% used [0x00000000d5580000,0x00000000e9080000,0x00000000e9080000)
  from space 44544K, 74% used [0x00000000ebf80000,0x00000000ee016880,0x00000000eeb00000)
  to   space 48128K, 0% used [0x00000000e9080000,0x00000000e9080000,0x00000000ebf80000)
 ParOldGen       total 142336K, used 90094K [0x0000000080000000, 0x0000000088b00000, 0x00000000d5580000)
  object space 142336K, 63% used [0x0000000080000000,0x00000000857fb810,0x0000000088b00000)
 Metaspace       used 71766K, capacity 75126K, committed 75736K, reserved 1114112K
  class space    used 9726K, capacity 10350K, committed 10496K, reserved 1048576K
Event: 55.484 GC heap after
Heap after GC invocations=29 (full 4):
 PSYoungGen      total 370688K, used 15765K [0x00000000d5580000, 0x00000000f1700000, 0x0000000100000000)
  eden space 322560K, 0% used [0x00000000d5580000,0x00000000d5580000,0x00000000e9080000)
  from space 48128K, 32% used [0x00000000e9080000,0x00000000e9fe57d0,0x00000000ebf80000)
  to   space 45568K, 0% used [0x00000000eea80000,0x00000000eea80000,0x00000000f1700000)
 ParOldGen       total 142336K, used 110589K [0x0000000080000000, 0x0000000088b00000, 0x00000000d5580000)
  object space 142336K, 77% used [0x0000000080000000,0x0000000086bff560,0x0000000088b00000)
 Metaspace       used 71766K, capacity 75126K, committed 75736K, reserved 1114112K
  class space    used 9726K, capacity 10350K, committed 10496K, reserved 1048576K
}
Event: 58.205 GC heap before
{Heap before GC invocations=30 (full 4):
 PSYoungGen      total 370688K, used 338325K [0x00000000d5580000, 0x00000000f1700000, 0x0000000100000000)
  eden space 322560K, 100% used [0x00000000d5580000,0x00000000e9080000,0x00000000e9080000)
  from space 48128K, 32% used [0x00000000e9080000,0x00000000e9fe57d0,0x00000000ebf80000)
  to   space 45568K, 0% used [0x00000000eea80000,0x00000000eea80000,0x00000000f1700000)
 ParOldGen       total 142336K, used 110589K [0x0000000080000000, 0x0000000088b00000, 0x00000000d5580000)
  object space 142336K, 77% used [0x0000000080000000,0x0000000086bff560,0x0000000088b00000)
 Metaspace       used 71890K, capacity 75272K, committed 75992K, reserved 1114112K
  class space    used 9728K, capacity 10351K, committed 10496K, reserved 1048576K
Event: 58.268 GC heap after
Heap after GC invocations=30 (full 4):
 PSYoungGen      total 407552K, used 19240K [0x00000000d5580000, 0x00000000f1100000, 0x0000000100000000)
  eden space 368128K, 0% used [0x00000000d5580000,0x00000000d5580000,0x00000000ebd00000)
  from space 39424K, 48% used [0x00000000eea80000,0x00000000efd4a0e8,0x00000000f1100000)
  to   space 43008K, 0% used [0x00000000ebd00000,0x00000000ebd00000,0x00000000ee700000)
 ParOldGen       total 142336K, used 115556K [0x0000000080000000, 0x0000000088b00000, 0x00000000d5580000)
  object space 142336K, 81% used [0x0000000080000000,0x00000000870d9260,0x0000000088b00000)
 Metaspace       used 71890K, capacity 75272K, committed 75992K, reserved 1114112K
  class space    used 9728K, capacity 10351K, committed 10496K, reserved 1048576K
}
Event: 60.836 GC heap before
{Heap before GC invocations=31 (full 4):
 PSYoungGen      total 407552K, used 387368K [0x00000000d5580000, 0x00000000f1100000, 0x0000000100000000)
  eden space 368128K, 100% used [0x00000000d5580000,0x00000000ebd00000,0x00000000ebd00000)
  from space 39424K, 48% used [0x00000000eea80000,0x00000000efd4a0e8,0x00000000f1100000)
  to   space 43008K, 0% used [0x00000000ebd00000,0x00000000ebd00000,0x00000000ee700000)
 ParOldGen       total 142336K, used 115556K [0x0000000080000000, 0x0000000088b00000, 0x00000000d5580000)
  object space 142336K, 81% used [0x0000000080000000,0x00000000870d9260,0x0000000088b00000)
 Metaspace       used 71910K, capacity 75280K, committed 75992K, reserved 1114112K
  class space    used 9728K, capacity 10351K, committed 10496K, reserved 1048576K
Event: 60.885 GC heap after
Heap after GC invocations=31 (full 4):
 PSYoungGen      total 411136K, used 21975K [0x00000000d5580000, 0x00000000f1100000, 0x0000000100000000)
  eden space 368128K, 0% used [0x00000000d5580000,0x00000000d5580000,0x00000000ebd00000)
  from space 43008K, 51% used [0x00000000ebd00000,0x00000000ed275c98,0x00000000ee700000)
  to   space 39424K, 0% used [0x00000000eea80000,0x00000000eea80000,0x00000000f1100000)
 ParOldGen       total 142336K, used 115556K [0x0000000080000000, 0x0000000088b00000, 0x00000000d5580000)
  object space 142336K, 81% used [0x0000000080000000,0x00000000870d9260,0x0000000088b00000)
 Metaspace       used 71910K, capacity 75280K, committed 75992K, reserved 1114112K
  class space    used 9728K, capacity 10351K, committed 10496K, reserved 1048576K
}
Event: 62.578 GC heap before
{Heap before GC invocations=32 (full 4):
 PSYoungGen      total 411136K, used 390103K [0x00000000d5580000, 0x00000000f1100000, 0x0000000100000000)
  eden space 368128K, 100% used [0x00000000d5580000,0x00000000ebd00000,0x00000000ebd00000)
  from space 43008K, 51% used [0x00000000ebd00000,0x00000000ed275c98,0x00000000ee700000)
  to   space 39424K, 0% used [0x00000000eea80000,0x00000000eea80000,0x00000000f1100000)
 ParOldGen       total 142336K, used 115556K [0x0000000080000000, 0x0000000088b00000, 0x00000000d5580000)
  object space 142336K, 81% used [0x0000000080000000,0x00000000870d9260,0x0000000088b00000)
 Metaspace       used 71920K, capacity 75280K, committed 75992K, reserved 1114112K
  class space    used 9728K, capacity 10351K, committed 10496K, reserved 1048576K
Event: 62.630 GC heap after
Heap after GC invocations=32 (full 4):
 PSYoungGen      total 407552K, used 23096K [0x00000000d5580000, 0x00000000f1100000, 0x0000000100000000)
  eden space 368128K, 0% used [0x00000000d5580000,0x00000000d5580000,0x00000000ebd00000)
  from space 39424K, 58% used [0x00000000eea80000,0x00000000f010e258,0x00000000f1100000)
  to   space 43008K, 0% used [0x00000000ebd00000,0x00000000ebd00000,0x00000000ee700000)
 ParOldGen       total 142336K, used 115556K [0x0000000080000000, 0x0000000088b00000, 0x00000000d5580000)
  object space 142336K, 81% used [0x0000000080000000,0x00000000870d9260,0x0000000088b00000)
 Metaspace       used 71920K, capacity 75280K, committed 75992K, reserved 1114112K
  class space    used 9728K, capacity 10351K, committed 10496K, reserved 1048576K
}
Event: 64.878 GC heap before
{Heap before GC invocations=33 (full 4):
 PSYoungGen      total 407552K, used 391224K [0x00000000d5580000, 0x00000000f1100000, 0x0000000100000000)
  eden space 368128K, 100% used [0x00000000d5580000,0x00000000ebd00000,0x00000000ebd00000)
  from space 39424K, 58% used [0x00000000eea80000,0x00000000f010e258,0x00000000f1100000)
  to   space 43008K, 0% used [0x00000000ebd00000,0x00000000ebd00000,0x00000000ee700000)
 ParOldGen       total 142336K, used 115556K [0x0000000080000000, 0x0000000088b00000, 0x00000000d5580000)
  object space 142336K, 81% used [0x0000000080000000,0x00000000870d9260,0x0000000088b00000)
 Metaspace       used 71930K, capacity 75280K, committed 75992K, reserved 1114112K
  class space    used 9728K, capacity 10351K, committed 10496K, reserved 1048576K
Event: 64.957 GC heap after
Heap after GC invocations=33 (full 4):
 PSYoungGen      total 411136K, used 23780K [0x00000000d5580000, 0x00000000f3f80000, 0x0000000100000000)
  eden space 368128K, 0% used [0x00000000d5580000,0x00000000d5580000,0x00000000ebd00000)
  from space 43008K, 55% used [0x00000000ebd00000,0x00000000ed439370,0x00000000ee700000)
  to   space 40448K, 0% used [0x00000000f1800000,0x00000000f1800000,0x00000000f3f80000)
 ParOldGen       total 142336K, used 115556K [0x0000000080000000, 0x0000000088b00000, 0x00000000d5580000)
  object space 142336K, 81% used [0x0000000080000000,0x00000000870d9260,0x0000000088b00000)
 Metaspace       used 71930K, capacity 75280K, committed 75992K, reserved 1114112K
  class space    used 9728K, capacity 10351K, committed 10496K, reserved 1048576K
}

