# JRE version: OpenJDK Runtime Environment (8.0_242-b01) (build 1.8.0_242-release-1644-b01)
# Java VM: OpenJDK 64-Bit Server VM (25.242-b01 mixed mode windows-amd64 compressed oops)
Heap:
 PSYoungGen      total 330752K, used 145712K [0x00000000d5580000, 0x00000000ebd80000, 0x0000000100000000)
  eden space 296448K, 44% used [0x00000000d5580000,0x00000000dd614740,0x00000000e7700000)
  from space 34304K, 40% used [0x00000000e7700000,0x00000000e84b7ab0,0x00000000e9880000)
  to   space 35328K, 0% used [0x00000000e9880000,0x00000000e9880000,0x00000000ebb00000)
 ParOldGen       total 159232K, used 102800K [0x0000000080000000, 0x0000000089b80000, 0x00000000d5580000)
  object space 159232K, 64% used [0x0000000080000000,0x0000000086464360,0x0000000089b80000)
 Metaspace       used 77724K, capacity 81420K, committed 81576K, reserved 1120256K
  class space    used 10409K, capacity 11133K, committed 11184K, reserved 1048576K
GC Heap History (10 events):
Event: 58.208 GC heap before
{Heap before GC invocations=25 (full 4):
 PSYoungGen      total 284672K, used 264941K [0x00000000d5580000, 0x00000000e9200000, 0x0000000100000000)
  eden space 250368K, 100% used [0x00000000d5580000,0x00000000e4a00000,0x00000000e4a00000)
  from space 34304K, 42% used [0x00000000e7080000,0x00000000e7ebb528,0x00000000e9200000)
  to   space 36864K, 0% used [0x00000000e4a00000,0x00000000e4a00000,0x00000000e6e00000)
 ParOldGen       total 159232K, used 85600K [0x0000000080000000, 0x0000000089b80000, 0x00000000d5580000)
  object space 159232K, 53% used [0x0000000080000000,0x0000000085398350,0x0000000089b80000)
 Metaspace       used 76176K, capacity 79566K, committed 79784K, reserved 1118208K
  class space    used 10243K, capacity 10916K, committed 10928K, reserved 1048576K
Event: 58.271 GC heap after
Heap after GC invocations=25 (full 4):
 PSYoungGen      total 287232K, used 15896K [0x00000000d5580000, 0x00000000ebb00000, 0x0000000100000000)
  eden space 250368K, 0% used [0x00000000d5580000,0x00000000d5580000,0x00000000e4a00000)
  from space 36864K, 43% used [0x00000000e4a00000,0x00000000e59863e8,0x00000000e6e00000)
  to   space 35328K, 0% used [0x00000000e9880000,0x00000000e9880000,0x00000000ebb00000)
 ParOldGen       total 159232K, used 85608K [0x0000000080000000, 0x0000000089b80000, 0x00000000d5580000)
  object space 159232K, 53% used [0x0000000080000000,0x000000008539a350,0x0000000089b80000)
 Metaspace       used 76176K, capacity 79566K, committed 79784K, reserved 1118208K
  class space    used 10243K, capacity 10916K, committed 10928K, reserved 1048576K
}
Event: 60.015 GC heap before
{Heap before GC invocations=26 (full 4):
 PSYoungGen      total 287232K, used 266264K [0x00000000d5580000, 0x00000000ebb00000, 0x0000000100000000)
  eden space 250368K, 100% used [0x00000000d5580000,0x00000000e4a00000,0x00000000e4a00000)
  from space 36864K, 43% used [0x00000000e4a00000,0x00000000e59863e8,0x00000000e6e00000)
  to   space 35328K, 0% used [0x00000000e9880000,0x00000000e9880000,0x00000000ebb00000)
 ParOldGen       total 159232K, used 85608K [0x0000000080000000, 0x0000000089b80000, 0x00000000d5580000)
  object space 159232K, 53% used [0x0000000080000000,0x000000008539a350,0x0000000089b80000)
 Metaspace       used 76223K, capacity 79582K, committed 79784K, reserved 1118208K
  class space    used 10247K, capacity 10920K, committed 10928K, reserved 1048576K
Event: 60.085 GC heap after
Heap after GC invocations=26 (full 4):
 PSYoungGen      total 331776K, used 18331K [0x00000000d5580000, 0x00000000ebd80000, 0x0000000100000000)
  eden space 296448K, 0% used [0x00000000d5580000,0x00000000d5580000,0x00000000e7700000)
  from space 35328K, 51% used [0x00000000e9880000,0x00000000eaa66e10,0x00000000ebb00000)
  to   space 34304K, 0% used [0x00000000e7700000,0x00000000e7700000,0x00000000e9880000)
 ParOldGen       total 159232K, used 85608K [0x0000000080000000, 0x0000000089b80000, 0x00000000d5580000)
  object space 159232K, 53% used [0x0000000080000000,0x000000008539a350,0x0000000089b80000)
 Metaspace       used 76223K, capacity 79582K, committed 79784K, reserved 1118208K
  class space    used 10247K, capacity 10920K, committed 10928K, reserved 1048576K
}
Event: 62.586 GC heap before
{Heap before GC invocations=27 (full 4):
 PSYoungGen      total 331776K, used 314779K [0x00000000d5580000, 0x00000000ebd80000, 0x0000000100000000)
  eden space 296448K, 100% used [0x00000000d5580000,0x00000000e7700000,0x00000000e7700000)
  from space 35328K, 51% used [0x00000000e9880000,0x00000000eaa66e10,0x00000000ebb00000)
  to   space 34304K, 0% used [0x00000000e7700000,0x00000000e7700000,0x00000000e9880000)
 ParOldGen       total 159232K, used 85608K [0x0000000080000000, 0x0000000089b80000, 0x00000000d5580000)
  object space 159232K, 53% used [0x0000000080000000,0x000000008539a350,0x0000000089b80000)
 Metaspace       used 76331K, capacity 79694K, committed 79912K, reserved 1118208K
  class space    used 10261K, capacity 10954K, committed 11056K, reserved 1048576K
Event: 62.692 GC heap after
Heap after GC invocations=27 (full 4):
 PSYoungGen      total 330752K, used 10496K [0x00000000d5580000, 0x00000000ebd80000, 0x0000000100000000)
  eden space 296448K, 0% used [0x00000000d5580000,0x00000000d5580000,0x00000000e7700000)
  from space 34304K, 30% used [0x00000000e7700000,0x00000000e8140000,0x00000000e9880000)
  to   space 35328K, 0% used [0x00000000e9880000,0x00000000e9880000,0x00000000ebb00000)
 ParOldGen       total 159232K, used 96904K [0x0000000080000000, 0x0000000089b80000, 0x00000000d5580000)
  object space 159232K, 60% used [0x0000000080000000,0x0000000085ea22f8,0x0000000089b80000)
 Metaspace       used 76331K, capacity 79694K, committed 79912K, reserved 1118208K
  class space    used 10261K, capacity 10954K, committed 11056K, reserved 1048576K
}
Event: 65.287 GC heap before
{Heap before GC invocations=28 (full 4):
 PSYoungGen      total 330752K, used 306944K [0x00000000d5580000, 0x00000000ebd80000, 0x0000000100000000)
  eden space 296448K, 100% used [0x00000000d5580000,0x00000000e7700000,0x00000000e7700000)
  from space 34304K, 30% used [0x00000000e7700000,0x00000000e8140000,0x00000000e9880000)
  to   space 35328K, 0% used [0x00000000e9880000,0x00000000e9880000,0x00000000ebb00000)
 ParOldGen       total 159232K, used 96904K [0x0000000080000000, 0x0000000089b80000, 0x00000000d5580000)
  object space 159232K, 60% used [0x0000000080000000,0x0000000085ea22f8,0x0000000089b80000)
 Metaspace       used 77429K, capacity 81112K, committed 81320K, reserved 1120256K
  class space    used 10392K, capacity 11123K, committed 11184K, reserved 1048576K
Event: 65.333 GC heap after
Heap after GC invocations=28 (full 4):
 PSYoungGen      total 331776K, used 8598K [0x00000000d5580000, 0x00000000ebd80000, 0x0000000100000000)
  eden space 296448K, 0% used [0x00000000d5580000,0x00000000d5580000,0x00000000e7700000)
  from space 35328K, 24% used [0x00000000e9880000,0x00000000ea0e5ac0,0x00000000ebb00000)
  to   space 34304K, 0% used [0x00000000e7700000,0x00000000e7700000,0x00000000e9880000)
 ParOldGen       total 159232K, used 100708K [0x0000000080000000, 0x0000000089b80000, 0x00000000d5580000)
  object space 159232K, 63% used [0x0000000080000000,0x0000000086259350,0x0000000089b80000)
 Metaspace       used 77429K, capacity 81112K, committed 81320K, reserved 1120256K
  class space    used 10392K, capacity 11123K, committed 11184K, reserved 1048576K
}
Event: 67.375 GC heap before
{Heap before GC invocations=29 (full 4):
 PSYoungGen      total 331776K, used 305046K [0x00000000d5580000, 0x00000000ebd80000, 0x0000000100000000)
  eden space 296448K, 100% used [0x00000000d5580000,0x00000000e7700000,0x00000000e7700000)
  from space 35328K, 24% used [0x00000000e9880000,0x00000000ea0e5ac0,0x00000000ebb00000)
  to   space 34304K, 0% used [0x00000000e7700000,0x00000000e7700000,0x00000000e9880000)
 ParOldGen       total 159232K, used 100708K [0x0000000080000000, 0x0000000089b80000, 0x00000000d5580000)
  object space 159232K, 63% used [0x0000000080000000,0x0000000086259350,0x0000000089b80000)
 Metaspace       used 77709K, capacity 81420K, committed 81576K, reserved 1120256K
  class space    used 10409K, capacity 11133K, committed 11184K, reserved 1048576K
Event: 67.427 GC heap after
Heap after GC invocations=29 (full 4):
 PSYoungGen      total 330752K, used 14046K [0x00000000d5580000, 0x00000000ebd80000, 0x0000000100000000)
  eden space 296448K, 0% used [0x00000000d5580000,0x00000000d5580000,0x00000000e7700000)
  from space 34304K, 40% used [0x00000000e7700000,0x00000000e84b7ab0,0x00000000e9880000)
  to   space 35328K, 0% used [0x00000000e9880000,0x00000000e9880000,0x00000000ebb00000)
 ParOldGen       total 159232K, used 102800K [0x0000000080000000, 0x0000000089b80000, 0x00000000d5580000)
  object space 159232K, 64% used [0x0000000080000000,0x0000000086464360,0x0000000089b80000)
 Metaspace       used 77709K, capacity 81420K, committed 81576K, reserved 1120256K
  class space    used 10409K, capacity 11133K, committed 11184K, reserved 1048576K
}

