# JRE version: OpenJDK Runtime Environment (8.0_242-b01) (build 1.8.0_242-release-1644-b01)
# Java VM: OpenJDK 64-Bit Server VM (25.242-b01 mixed mode windows-amd64 compressed oops)
Heap:
 PSYoungGen      total 256512K, used 122577K [0x00000000d5580000, 0x00000000ea580000, 0x0000000100000000)
  eden space 219648K, 39% used [0x00000000d5580000,0x00000000da937060,0x00000000e2c00000)
  from space 36864K, 99% used [0x00000000e5d00000,0x00000000e80fd750,0x00000000e8100000)
  to   space 50176K, 0% used [0x00000000e2c00000,0x00000000e2c00000,0x00000000e5d00000)
 ParOldGen       total 141824K, used 108829K [0x0000000080000000, 0x0000000088a80000, 0x00000000d5580000)
  object space 141824K, 76% used [0x0000000080000000,0x0000000086a47448,0x0000000088a80000)
 Metaspace       used 86966K, capacity 90974K, committed 91176K, reserved 1128448K
  class space    used 11452K, capacity 12250K, committed 12336K, reserved 1048576K
GC Heap History (10 events):
Event: 61.409 GC heap before
{Heap before GC invocations=24 (full 4):
 PSYoungGen      total 193024K, used 18410K [0x00000000d5580000, 0x00000000e4200000, 0x0000000100000000)
  eden space 174592K, 0% used [0x00000000d5580000,0x00000000d5580000,0x00000000e0000000)
  from space 18432K, 99% used [0x00000000e1b80000,0x00000000e2d7a830,0x00000000e2d80000)
  to   space 28160K, 0% used [0x00000000e0000000,0x00000000e0000000,0x00000000e1b80000)
 ParOldGen       total 79872K, used 67781K [0x0000000080000000, 0x0000000084e00000, 0x00000000d5580000)
  object space 79872K, 84% used [0x0000000080000000,0x00000000842315e8,0x0000000084e00000)
 Metaspace       used 66615K, capacity 69498K, committed 69800K, reserved 1110016K
  class space    used 8970K, capacity 9612K, committed 9648K, reserved 1048576K
Event: 61.718 GC heap after
Heap after GC invocations=24 (full 4):
 PSYoungGen      total 193024K, used 0K [0x00000000d5580000, 0x00000000e4200000, 0x0000000100000000)
  eden space 174592K, 0% used [0x00000000d5580000,0x00000000d5580000,0x00000000e0000000)
  from space 18432K, 0% used [0x00000000e1b80000,0x00000000e1b80000,0x00000000e2d80000)
  to   space 28160K, 0% used [0x00000000e0000000,0x00000000e0000000,0x00000000e1b80000)
 ParOldGen       total 141824K, used 79536K [0x0000000080000000, 0x0000000088a80000, 0x00000000d5580000)
  object space 141824K, 56% used [0x0000000080000000,0x0000000084dac3d8,0x0000000088a80000)
 Metaspace       used 66501K, capacity 69176K, committed 69800K, reserved 1110016K
  class space    used 8934K, capacity 9549K, committed 9648K, reserved 1048576K
}
Event: 68.344 GC heap before
{Heap before GC invocations=25 (full 4):
 PSYoungGen      total 193024K, used 174592K [0x00000000d5580000, 0x00000000e4200000, 0x0000000100000000)
  eden space 174592K, 100% used [0x00000000d5580000,0x00000000e0000000,0x00000000e0000000)
  from space 18432K, 0% used [0x00000000e1b80000,0x00000000e1b80000,0x00000000e2d80000)
  to   space 28160K, 0% used [0x00000000e0000000,0x00000000e0000000,0x00000000e1b80000)
 ParOldGen       total 141824K, used 79536K [0x0000000080000000, 0x0000000088a80000, 0x00000000d5580000)
  object space 141824K, 56% used [0x0000000080000000,0x0000000084dac3d8,0x0000000088a80000)
 Metaspace       used 68704K, capacity 71526K, committed 71848K, reserved 1112064K
  class space    used 9226K, capacity 9828K, committed 9904K, reserved 1048576K
Event: 68.394 GC heap after
Heap after GC invocations=25 (full 4):
 PSYoungGen      total 202752K, used 7046K [0x00000000d5580000, 0x00000000e5400000, 0x0000000100000000)
  eden space 174592K, 0% used [0x00000000d5580000,0x00000000d5580000,0x00000000e0000000)
  from space 28160K, 25% used [0x00000000e0000000,0x00000000e06e1be0,0x00000000e1b80000)
  to   space 27136K, 0% used [0x00000000e3980000,0x00000000e3980000,0x00000000e5400000)
 ParOldGen       total 141824K, used 79544K [0x0000000080000000, 0x0000000088a80000, 0x00000000d5580000)
  object space 141824K, 56% used [0x0000000080000000,0x0000000084dae3d8,0x0000000088a80000)
 Metaspace       used 68704K, capacity 71526K, committed 71848K, reserved 1112064K
  class space    used 9226K, capacity 9828K, committed 9904K, reserved 1048576K
}
Event: 81.344 GC heap before
{Heap before GC invocations=26 (full 4):
 PSYoungGen      total 202752K, used 181638K [0x00000000d5580000, 0x00000000e5400000, 0x0000000100000000)
  eden space 174592K, 100% used [0x00000000d5580000,0x00000000e0000000,0x00000000e0000000)
  from space 28160K, 25% used [0x00000000e0000000,0x00000000e06e1be0,0x00000000e1b80000)
  to   space 27136K, 0% used [0x00000000e3980000,0x00000000e3980000,0x00000000e5400000)
 ParOldGen       total 141824K, used 79544K [0x0000000080000000, 0x0000000088a80000, 0x00000000d5580000)
  object space 141824K, 56% used [0x0000000080000000,0x0000000084dae3d8,0x0000000088a80000)
 Metaspace       used 73136K, capacity 76134K, committed 76456K, reserved 1116160K
  class space    used 9727K, capacity 10332K, committed 10416K, reserved 1048576K
Event: 81.388 GC heap after
Heap after GC invocations=26 (full 4):
 PSYoungGen      total 229376K, used 18882K [0x00000000d5580000, 0x00000000e5380000, 0x0000000100000000)
  eden space 202752K, 0% used [0x00000000d5580000,0x00000000d5580000,0x00000000e1b80000)
  from space 26624K, 70% used [0x00000000e3980000,0x00000000e4bf0ab0,0x00000000e5380000)
  to   space 28672K, 0% used [0x00000000e1b80000,0x00000000e1b80000,0x00000000e3780000)
 ParOldGen       total 141824K, used 79552K [0x0000000080000000, 0x0000000088a80000, 0x00000000d5580000)
  object space 141824K, 56% used [0x0000000080000000,0x0000000084db03d8,0x0000000088a80000)
 Metaspace       used 73136K, capacity 76134K, committed 76456K, reserved 1116160K
  class space    used 9727K, capacity 10332K, committed 10416K, reserved 1048576K
}
Event: 90.049 GC heap before
{Heap before GC invocations=27 (full 4):
 PSYoungGen      total 229376K, used 221634K [0x00000000d5580000, 0x00000000e5380000, 0x0000000100000000)
  eden space 202752K, 100% used [0x00000000d5580000,0x00000000e1b80000,0x00000000e1b80000)
  from space 26624K, 70% used [0x00000000e3980000,0x00000000e4bf0ab0,0x00000000e5380000)
  to   space 28672K, 0% used [0x00000000e1b80000,0x00000000e1b80000,0x00000000e3780000)
 ParOldGen       total 141824K, used 79552K [0x0000000080000000, 0x0000000088a80000, 0x00000000d5580000)
  object space 141824K, 56% used [0x0000000080000000,0x0000000084db03d8,0x0000000088a80000)
 Metaspace       used 80436K, capacity 83738K, committed 84008K, reserved 1122304K
  class space    used 10589K, capacity 11270K, committed 11312K, reserved 1048576K
Event: 90.095 GC heap after
Heap after GC invocations=27 (full 4):
 PSYoungGen      total 231424K, used 28654K [0x00000000d5580000, 0x00000000e8100000, 0x0000000100000000)
  eden space 202752K, 0% used [0x00000000d5580000,0x00000000d5580000,0x00000000e1b80000)
  from space 28672K, 99% used [0x00000000e1b80000,0x00000000e377bb00,0x00000000e3780000)
  to   space 36864K, 0% used [0x00000000e5d00000,0x00000000e5d00000,0x00000000e8100000)
 ParOldGen       total 141824K, used 89641K [0x0000000080000000, 0x0000000088a80000, 0x00000000d5580000)
  object space 141824K, 63% used [0x0000000080000000,0x000000008578a5c0,0x0000000088a80000)
 Metaspace       used 80436K, capacity 83738K, committed 84008K, reserved 1122304K
  class space    used 10589K, capacity 11270K, committed 11312K, reserved 1048576K
}
Event: 96.728 GC heap before
{Heap before GC invocations=28 (full 4):
 PSYoungGen      total 231424K, used 231406K [0x00000000d5580000, 0x00000000e8100000, 0x0000000100000000)
  eden space 202752K, 100% used [0x00000000d5580000,0x00000000e1b80000,0x00000000e1b80000)
  from space 28672K, 99% used [0x00000000e1b80000,0x00000000e377bb00,0x00000000e3780000)
  to   space 36864K, 0% used [0x00000000e5d00000,0x00000000e5d00000,0x00000000e8100000)
 ParOldGen       total 141824K, used 89641K [0x0000000080000000, 0x0000000088a80000, 0x00000000d5580000)
  object space 141824K, 63% used [0x0000000080000000,0x000000008578a5c0,0x0000000088a80000)
 Metaspace       used 86403K, capacity 90290K, committed 90536K, reserved 1128448K
  class space    used 11421K, capacity 12208K, committed 12208K, reserved 1048576K
Event: 97.005 GC heap after
Heap after GC invocations=28 (full 4):
 PSYoungGen      total 256512K, used 36853K [0x00000000d5580000, 0x00000000ea580000, 0x0000000100000000)
  eden space 219648K, 0% used [0x00000000d5580000,0x00000000d5580000,0x00000000e2c00000)
  from space 36864K, 99% used [0x00000000e5d00000,0x00000000e80fd750,0x00000000e8100000)
  to   space 50176K, 0% used [0x00000000e2c00000,0x00000000e2c00000,0x00000000e5d00000)
 ParOldGen       total 141824K, used 108829K [0x0000000080000000, 0x0000000088a80000, 0x00000000d5580000)
  object space 141824K, 76% used [0x0000000080000000,0x0000000086a47448,0x0000000088a80000)
 Metaspace       used 86403K, capacity 90290K, committed 90536K, reserved 1128448K
  class space    used 11421K, capacity 12208K, committed 12208K, reserved 1048576K
}

